
[2022-06-05T19:03:41.632] [WARN] default - Route GET / non-existent
[2022-06-19T13:57:14.052] [ERROR] default - Server error Error: listen EADDRINUSE: address already in use :::8080
[2022-06-19T13:59:06.177] [ERROR] default - CustomError {
  estado: 404,
  descripcion: 'Document not found with that {"id":"A003"}',
  detalles: undefined
}
[2022-06-19T13:59:37.553] [WARN] default - Route POST / non-existent
[2022-06-19T14:00:24.207] [WARN] default - Route DELETE / non-existent
[2022-06-19T14:01:21.523] [ERROR] default - CustomError {
  estado: 404,
  descripcion: 'Document not found with that {"id":"A003"}',
  detalles: undefined
}
[2022-06-19T16:27:20.902] [WARN] default - Route GET / non-existent
[2022-06-19T16:27:46.240] [WARN] default - Route GET / non-existent
[2022-06-19T16:30:19.228] [WARN] default - Route GET / non-existent
[2022-06-19T16:30:19.430] [WARN] default - Route GET / non-existent
[2022-06-19T16:30:24.628] [WARN] default - Route GET / non-existent
[2022-06-19T16:30:24.630] [WARN] default - Route GET / non-existent
[2022-06-19T16:31:36.444] [WARN] default - Route GET / non-existent
[2022-06-19T16:31:41.220] [WARN] default - Route GET / non-existent
[2022-06-19T16:36:13.781] [WARN] default - Route GET / non-existent
[2022-06-19T16:36:19.613] [WARN] default - Route GET / non-existent
[2022-06-19T16:36:23.052] [ERROR] default - ReferenceError: productos is not defined
    at getProductos (file:///C:/_discoNANCY/cursos/cursos_Coderhouse_backendNodejs/ProyectoFinal/backend/src/controller/webController.js:22:29)
    at Layer.handle [as handle_request] (C:\_discoNANCY\cursos\cursos_Coderhouse_backendNodejs\ProyectoFinal\backend\node_modules\express\lib\router\layer.js:95:5)
    at next (C:\_discoNANCY\cursos\cursos_Coderhouse_backendNodejs\ProyectoFinal\backend\node_modules\express\lib\router\route.js:137:13)
    at Route.dispatch (C:\_discoNANCY\cursos\cursos_Coderhouse_backendNodejs\ProyectoFinal\backend\node_modules\express\lib\router\route.js:112:3)
    at Layer.handle [as handle_request] (C:\_discoNANCY\cursos\cursos_Coderhouse_backendNodejs\ProyectoFinal\backend\node_modules\express\lib\router\layer.js:95:5)
    at C:\_discoNANCY\cursos\cursos_Coderhouse_backendNodejs\ProyectoFinal\backend\node_modules\express\lib\router\index.js:281:22
    at Function.process_params (C:\_discoNANCY\cursos\cursos_Coderhouse_backendNodejs\ProyectoFinal\backend\node_modules\express\lib\router\index.js:341:12)
    at next (C:\_discoNANCY\cursos\cursos_Coderhouse_backendNodejs\ProyectoFinal\backend\node_modules\express\lib\router\index.js:275:10)
    at Function.handle (C:\_discoNANCY\cursos\cursos_Coderhouse_backendNodejs\ProyectoFinal\backend\node_modules\express\lib\router\index.js:174:3)
    at router (C:\_discoNANCY\cursos\cursos_Coderhouse_backendNodejs\ProyectoFinal\backend\node_modules\express\lib\router\index.js:47:12)
[2022-06-19T16:37:24.671] [ERROR] default - ReferenceError: title is not defined
    at getProductos (file:///C:/_discoNANCY/cursos/cursos_Coderhouse_backendNodejs/ProyectoFinal/backend/src/controller/webController.js:26:43)
    at processTicksAndRejections (node:internal/process/task_queues:96:5)
[2022-06-19T16:40:26.746] [WARN] default - Route GET / non-existent
[2022-06-19T16:44:05.049] [WARN] default - Route GET / non-existent
[2022-06-19T16:45:19.480] [WARN] default - Route GET / non-existent
[2022-06-19T16:46:49.554] [WARN] default - Route GET / non-existent
[2022-06-19T16:46:51.923] [WARN] default - Route GET / non-existent
[2022-06-19T16:46:53.470] [WARN] default - Route GET / non-existent
[2022-06-19T16:46:54.690] [WARN] default - Route GET / non-existent
[2022-06-19T16:47:54.909] [WARN] default - Route GET / non-existent
[2022-06-19T16:49:01.195] [WARN] default - Route GET / non-existent
[2022-06-19T16:49:38.899] [WARN] default - Route GET / non-existent
[2022-06-19T16:53:12.859] [WARN] default - Route GET / non-existent
[2022-06-19T16:53:16.704] [WARN] default - Route GET / non-existent
[2022-06-19T16:53:17.113] [WARN] default - Route GET / non-existent
[2022-06-19T16:53:26.955] [WARN] default - Route GET / non-existent
[2022-06-19T16:59:32.183] [WARN] default - Route GET / non-existent
[2022-06-19T17:01:52.524] [WARN] default - Route GET / non-existent
[2022-06-19T17:06:04.699] [WARN] default - Route GET / non-existent
[2022-06-19T17:06:08.930] [WARN] default - Route GET / non-existent
[2022-06-19T17:06:13.119] [WARN] default - Route GET / non-existent
[2022-06-19T17:06:13.345] [WARN] default - Route GET / non-existent
[2022-06-19T17:24:58.423] [ERROR] default - CustomError {
  estado: 404,
  descripcion: 'Document not found in undefined with that {"id":"A003"}',
  detalles: undefined
}
[2022-06-19T18:18:33.584] [WARN] default - Route GET / non-existent
[2022-06-19T18:18:36.654] [WARN] default - Route GET / non-existent
[2022-06-19T18:18:39.934] [WARN] default - Route GET / non-existent
[2022-06-19T18:21:59.668] [WARN] default - Route GET / non-existent
[2022-06-19T18:23:47.823] [WARN] default - Route GET / non-existent
[2022-06-19T18:24:00.879] [WARN] default - Route GET / non-existent
[2022-06-19T18:36:55.221] [WARN] default - Route GET / non-existent
[2022-06-19T18:36:56.953] [WARN] default - Route GET / non-existent
[2022-06-19T18:39:27.983] [WARN] default - Route GET / non-existent
[2022-06-19T18:39:30.495] [WARN] default - Route GET / non-existent
[2022-06-19T18:43:52.930] [WARN] default - Route GET / non-existent
[2022-06-19T18:45:59.272] [WARN] default - Route POST / non-existent
[2022-06-19T19:03:38.975] [WARN] default - Route GET / non-existent
[2022-06-19T19:04:15.106] [WARN] default - Route GET / non-existent
[2022-06-19T19:04:34.207] [WARN] default - Route GET / non-existent
[2022-06-19T19:10:13.888] [WARN] default - Route GET / non-existent
[2022-06-19T19:10:19.183] [WARN] default - Route GET / non-existent
[2022-06-19T19:10:30.046] [WARN] default - Route GET / non-existent
[2022-06-19T19:12:25.552] [WARN] default - Route GET / non-existent
[2022-06-19T19:12:35.938] [WARN] default - Route GET / non-existent
[2022-06-19T19:14:08.560] [WARN] default - Route GET / non-existent
[2022-06-19T19:14:10.571] [WARN] default - Route GET / non-existent
[2022-06-19T19:14:27.305] [WARN] default - Route GET / non-existent
[2022-06-19T19:15:08.225] [WARN] default - Route GET / non-existent
[2022-06-19T19:17:43.546] [WARN] default - Route GET / non-existent
[2022-06-19T19:17:50.711] [WARN] default - Route GET / non-existent
[2022-06-19T19:22:34.019] [WARN] default - Route GET / non-existent
[2022-06-19T19:22:48.741] [WARN] default - Route GET / non-existent
[2022-06-19T19:24:04.639] [WARN] default - Route GET / non-existent
[2022-06-19T19:24:14.019] [WARN] default - Route GET / non-existent
[2022-06-19T19:35:26.751] [WARN] default - Route GET / non-existent
[2022-06-19T19:36:23.722] [WARN] default - Route POST / non-existent
[2022-06-19T19:36:32.329] [WARN] default - Route GET / non-existent
[2022-06-19T19:37:56.761] [WARN] default - Route POST / non-existent
[2022-06-19T19:37:58.067] [WARN] default - Route POST / non-existent
[2022-06-19T19:38:50.380] [WARN] default - Route GET / non-existent
[2022-06-19T19:38:51.343] [WARN] default - Route GET / non-existent
[2022-06-19T19:38:56.332] [WARN] default - Route POST / non-existent
[2022-06-19T19:39:17.279] [WARN] default - Route POST / non-existent
[2022-06-19T19:39:24.660] [WARN] default - Route GET / non-existent
[2022-06-19T19:39:27.086] [WARN] default - Route GET / non-existent
[2022-06-19T19:39:35.090] [WARN] default - Route GET / non-existent
[2022-06-19T19:39:50.068] [WARN] default - Route GET / non-existent
[2022-06-19T19:40:37.549] [WARN] default - Route GET / non-existent
[2022-06-19T19:40:40.002] [WARN] default - Route GET / non-existent
[2022-06-19T19:40:41.628] [WARN] default - Route GET / non-existent
[2022-06-19T19:40:50.737] [WARN] default - Route GET / non-existent
[2022-06-19T19:41:09.598] [WARN] default - Route GET / non-existent
[2022-06-19T19:41:42.638] [WARN] default - Route GET / non-existent
[2022-06-19T19:42:20.763] [WARN] default - Route GET / non-existent
[2022-06-19T20:22:00.808] [ERROR] default - Envio de mail fallo la verificacion del servidor Error: Invalid login: 535-5.7.8 Username and Password not accepted. Learn more at
535 5.7.8  https://support.google.com/mail/?p=BadCredentials r9-20020a9d5cc9000000b0060b1f3924c3sm6691073oti.44 - gsmtp
[2022-06-19T20:22:21.038] [WARN] default - Route GET / non-existent
[2022-06-19T20:23:16.605] [WARN] default - Route GET / non-existent
[2022-06-19T20:32:30.325] [ERROR] default - Envio de mail fallo la verificacion del servidor Error: Invalid login: 535-5.7.8 Username and Password not accepted. Learn more at
535 5.7.8  https://support.google.com/mail/?p=BadCredentials n9-20020a4ae1c9000000b0040edc685e11sm6770214oot.13 - gsmtp
[2022-06-19T20:35:27.164] [WARN] default - Route GET / non-existent
[2022-06-19T20:43:21.523] [WARN] default - Route GET / non-existent
[2022-06-19T20:52:18.833] [WARN] default - Route GET / non-existent
[2022-06-21T17:30:20.472] [WARN] default - Route GET / non-existent
[2022-06-21T17:32:36.120] [WARN] default - Route GET / non-existent
[2022-06-22T15:38:24.392] [WARN] default - Route GET / non-existent
[2022-06-22T15:46:33.059] [WARN] default - Route GET / non-existent
[2022-06-22T15:48:33.450] [WARN] default - Route GET / non-existent
[2022-06-22T16:23:33.012] [WARN] default - Route GET / non-existent
[2022-06-22T16:56:12.274] [WARN] default - Route GET / non-existent
[2022-06-22T17:00:51.783] [WARN] default - Route GET / non-existent
[2022-06-22T17:00:59.302] [ERROR] default - MongoInvalidArgumentError: Query filter must be a plain object or ObjectId
    at new FindOperation (C:\_repositorios\nodeJS_TPFinal_backend\node_modules\mongodb\lib\operations\find.js:19:19)
    at FindCursor._initialize (C:\_repositorios\nodeJS_TPFinal_backend\node_modules\mongodb\lib\cursor\find_cursor.js:49:31)
    at next (C:\_repositorios\nodeJS_TPFinal_backend\node_modules\mongodb\lib\cursor\abstract_cursor.js:454:16)
    at C:\_repositorios\nodeJS_TPFinal_backend\node_modules\mongodb\lib\cursor\abstract_cursor.js:177:13
    at maybePromise (C:\_repositorios\nodeJS_TPFinal_backend\node_modules\mongodb\lib\utils.js:496:5)
    at FindCursor.next (C:\_repositorios\nodeJS_TPFinal_backend\node_modules\mongodb\lib\cursor\abstract_cursor.js:173:41)
    at Collection.findOne (C:\_repositorios\nodeJS_TPFinal_backend\node_modules\mongodb\lib\collection.js:233:76)
    at CarritosDao.getById (file:///C:/_repositorios/nodeJS_TPFinal_backend/src/model/daos/ContainerDao.js:33:47)
    at CarritosApi.getProductosDelCarrito (file:///C:/_repositorios/nodeJS_TPFinal_backend/src/api/CarritosApi.js:15:52)
    at obtenerProductosDelCarrito (file:///C:/_repositorios/nodeJS_TPFinal_backend/src/controller/CarritosController.js:24:40)
[2022-06-22T17:00:59.305] [ERROR] default - CustomError {
  estado: 500,
  descripcion: 'Error when obtaining a Document by id in the collection carritos',
  detalles: MongoInvalidArgumentError: Query filter must be a plain object or ObjectId
      at new FindOperation (C:\_repositorios\nodeJS_TPFinal_backend\node_modules\mongodb\lib\operations\find.js:19:19)
      at FindCursor._initialize (C:\_repositorios\nodeJS_TPFinal_backend\node_modules\mongodb\lib\cursor\find_cursor.js:49:31)
      at next (C:\_repositorios\nodeJS_TPFinal_backend\node_modules\mongodb\lib\cursor\abstract_cursor.js:454:16)
      at C:\_repositorios\nodeJS_TPFinal_backend\node_modules\mongodb\lib\cursor\abstract_cursor.js:177:13
      at maybePromise (C:\_repositorios\nodeJS_TPFinal_backend\node_modules\mongodb\lib\utils.js:496:5)
      at FindCursor.next (C:\_repositorios\nodeJS_TPFinal_backend\node_modules\mongodb\lib\cursor\abstract_cursor.js:173:41)
      at Collection.findOne (C:\_repositorios\nodeJS_TPFinal_backend\node_modules\mongodb\lib\collection.js:233:76)
      at CarritosDao.getById (file:///C:/_repositorios/nodeJS_TPFinal_backend/src/model/daos/ContainerDao.js:33:47)
      at CarritosApi.getProductosDelCarrito (file:///C:/_repositorios/nodeJS_TPFinal_backend/src/api/CarritosApi.js:15:52)
      at obtenerProductosDelCarrito (file:///C:/_repositorios/nodeJS_TPFinal_backend/src/controller/CarritosController.js:24:40)
}
[2022-06-22T17:01:43.108] [ERROR] default - CustomError {
  estado: 404,
  descripcion: 'Document not found in undefined with that {"id":"A003"}',
  detalles: undefined
}
[2022-06-22T17:29:19.545] [ERROR] default - ReferenceError: usuarios is not defined
    at Strategy._verify (file:///C:/_repositorios/nodeJS_TPFinal_backend/src/routes/usuarios.js:37:22)
    at Strategy.authenticate (C:\_repositorios\nodeJS_TPFinal_backend\node_modules\passport-local\lib\strategy.js:90:12)
    at attempt (C:\_repositorios\nodeJS_TPFinal_backend\node_modules\passport\lib\middleware\authenticate.js:369:16)
    at authenticate (C:\_repositorios\nodeJS_TPFinal_backend\node_modules\passport\lib\middleware\authenticate.js:370:7)
    at Layer.handle [as handle_request] (C:\_repositorios\nodeJS_TPFinal_backend\node_modules\express\lib\router\layer.js:95:5)
    at next (C:\_repositorios\nodeJS_TPFinal_backend\node_modules\express\lib\router\route.js:137:13)
    at Route.dispatch (C:\_repositorios\nodeJS_TPFinal_backend\node_modules\express\lib\router\route.js:112:3)
    at Layer.handle [as handle_request] (C:\_repositorios\nodeJS_TPFinal_backend\node_modules\express\lib\router\layer.js:95:5)
    at C:\_repositorios\nodeJS_TPFinal_backend\node_modules\express\lib\router\index.js:281:22
    at Function.process_params (C:\_repositorios\nodeJS_TPFinal_backend\node_modules\express\lib\router\index.js:341:12)
[2022-06-22T17:29:19.553] [WARN] default - Route GET / non-existent
[2022-06-22T17:30:45.997] [WARN] default - Route GET / non-existent
[2022-06-22T17:56:13.762] [WARN] default - Route GET / non-existent
[2022-06-22T18:01:39.934] [WARN] default - Route GET / non-existent
[2022-06-22T19:49:05.170] [WARN] default - Route GET / non-existent
[2022-06-22T19:57:55.644] [WARN] default - Route GET / non-existent
[2022-06-22T20:45:37.700] [WARN] default - Route GET / non-existent
[2022-06-22T20:45:46.267] [ERROR] default - Falló el envio de mail del nuevo pedido - error:ReferenceError: err is not defined
[2022-06-22T20:51:36.021] [WARN] default - Route GET / non-existent
[2022-06-22T20:51:57.784] [ERROR] default - Falló el envio de whatsapp del nuevo pedido - error:ReferenceError: err is not defined
[2022-06-22T20:54:23.769] [WARN] default - Route GET / non-existent
[2022-06-22T20:54:29.560] [ERROR] default - Falló el envio de whatsapp del nuevo pedido - error:ReferenceError: err is not defined
[2022-06-22T20:55:56.584] [WARN] default - Route GET / non-existent
[2022-06-22T21:01:35.234] [WARN] default - Route GET / non-existent
[2022-06-22T21:01:39.255] [ERROR] default - Falló el envio de whatsapp del nuevo pedido - error:ReferenceError: err is not defined
[2022-06-22T23:27:02.816] [WARN] default - Route GET / non-existent
[2022-06-22T23:27:09.183] [ERROR] default - Falló el envio de SMS de confirmarción al usuario - error:ReferenceError: enviarSMS is not defined
[2022-06-22T23:29:56.260] [WARN] default - Route GET / non-existent
[2022-06-22T23:52:11.094] [WARN] default - Route GET / non-existent
[2022-06-22T23:52:17.730] [ERROR] default - Falló el envio de SMS de confirmarción al usuario - error:ReferenceError: err is not defined
[2022-06-23T00:06:40.630] [WARN] default - Route GET / non-existent
[2022-06-23T00:06:46.329] [ERROR] default - Falló el envio de SMS de confirmarción al usuario - error:ReferenceError: err is not defined
[2022-06-23T00:14:56.465] [WARN] default - Route GET / non-existent
[2022-06-23T00:15:02.697] [ERROR] default - Falló el envio de SMS de confirmarción al usuario - error:ReferenceError: err is not defined
[2022-06-23T00:15:43.920] [WARN] default - Route GET / non-existent
[2022-06-23T00:15:50.430] [ERROR] default - Falló el envio de SMS de confirmarción al usuario - error:ReferenceError: err is not defined
[2022-06-23T00:16:43.682] [WARN] default - Route GET / non-existent
[2022-06-23T00:16:50.633] [ERROR] default - Falló el envio de SMS de confirmarción al usuario - error:ReferenceError: err is not defined
[2022-06-23T00:18:14.650] [WARN] default - Route GET / non-existent
[2022-06-23T00:18:21.346] [ERROR] default - Falló el envio de SMS de confirmarción al usuario - error:ReferenceError: err is not defined
[2022-06-23T00:20:10.292] [WARN] default - Route GET / non-existent
[2022-06-23T00:25:02.299] [WARN] default - Route GET / non-existent
[2022-06-23T00:25:07.392] [ERROR] default - Falló el envio de whatsapp del nuevo pedido - error:ReferenceError: err is not defined
[2022-06-23T00:35:49.193] [WARN] default - Route GET / non-existent
[2022-06-23T01:39:41.655] [WARN] default - Route GET / non-existent
[2022-06-23T01:40:05.655] [WARN] default - Route GET / non-existent
[2022-06-23T01:41:51.756] [WARN] default - Route GET / non-existent
[2022-06-23T01:45:45.467] [WARN] default - Route GET / non-existent
[2022-06-23T01:53:04.841] [WARN] default - Route GET / non-existent
[2022-06-23T01:53:15.380] [WARN] default - Route GET / non-existent
[2022-06-23T01:53:19.685] [WARN] default - Route GET / non-existent
[2022-06-23T01:53:31.290] [WARN] default - Route GET / non-existent
[2022-06-23T01:54:05.632] [WARN] default - Route GET / non-existent
[2022-06-23T02:03:14.433] [WARN] default - Route GET / non-existent
[2022-06-23T02:03:22.115] [ERROR] default - ReferenceError: CarritoDto is not defined
    at CarritosApi.addCarrito (file:///C:/_repositorios/nodeJS_TPFinal_backend/src/api/CarritosApi.js:20:25)
    at crearCarrito (file:///C:/_repositorios/nodeJS_TPFinal_backend/src/controller/CarritosController.js:38:40)
    at Layer.handle [as handle_request] (C:\_repositorios\nodeJS_TPFinal_backend\node_modules\express\lib\router\layer.js:95:5)
    at next (C:\_repositorios\nodeJS_TPFinal_backend\node_modules\express\lib\router\route.js:137:13)
    at requiereAutenticacion (file:///C:/_repositorios/nodeJS_TPFinal_backend/src/controller/UsuariosController.js:50:9)
    at Layer.handle [as handle_request] (C:\_repositorios\nodeJS_TPFinal_backend\node_modules\express\lib\router\layer.js:95:5)
    at next (C:\_repositorios\nodeJS_TPFinal_backend\node_modules\express\lib\router\route.js:137:13)
    at Route.dispatch (C:\_repositorios\nodeJS_TPFinal_backend\node_modules\express\lib\router\route.js:112:3)
    at Layer.handle [as handle_request] (C:\_repositorios\nodeJS_TPFinal_backend\node_modules\express\lib\router\layer.js:95:5)
    at C:\_repositorios\nodeJS_TPFinal_backend\node_modules\express\lib\router\index.js:281:22
[2022-06-23T02:05:11.116] [WARN] default - Route GET / non-existent
[2022-06-23T02:05:18.565] [ERROR] default - ReferenceError: NUID is not defined
    at new CarritoDto (file:///C:/_repositorios/nodeJS_TPFinal_backend/src/model/dtos/CarritoDto.js:14:23)
    at CarritosApi.addCarrito (file:///C:/_repositorios/nodeJS_TPFinal_backend/src/api/CarritosApi.js:22:25)
    at crearCarrito (file:///C:/_repositorios/nodeJS_TPFinal_backend/src/controller/CarritosController.js:38:40)
    at Layer.handle [as handle_request] (C:\_repositorios\nodeJS_TPFinal_backend\node_modules\express\lib\router\layer.js:95:5)
    at next (C:\_repositorios\nodeJS_TPFinal_backend\node_modules\express\lib\router\route.js:137:13)
    at requiereAutenticacion (file:///C:/_repositorios/nodeJS_TPFinal_backend/src/controller/UsuariosController.js:50:9)
    at Layer.handle [as handle_request] (C:\_repositorios\nodeJS_TPFinal_backend\node_modules\express\lib\router\layer.js:95:5)
    at next (C:\_repositorios\nodeJS_TPFinal_backend\node_modules\express\lib\router\route.js:137:13)
    at Route.dispatch (C:\_repositorios\nodeJS_TPFinal_backend\node_modules\express\lib\router\route.js:112:3)
    at Layer.handle [as handle_request] (C:\_repositorios\nodeJS_TPFinal_backend\node_modules\express\lib\router\layer.js:95:5)
[2022-06-23T02:05:51.813] [WARN] default - Route GET / non-existent
[2022-06-23T02:06:14.580] [ERROR] default - MongoInvalidArgumentError: Query filter must be a plain object or ObjectId
    at new FindOperation (C:\_repositorios\nodeJS_TPFinal_backend\node_modules\mongodb\lib\operations\find.js:19:19)
    at FindCursor._initialize (C:\_repositorios\nodeJS_TPFinal_backend\node_modules\mongodb\lib\cursor\find_cursor.js:49:31)
    at next (C:\_repositorios\nodeJS_TPFinal_backend\node_modules\mongodb\lib\cursor\abstract_cursor.js:454:16)
    at C:\_repositorios\nodeJS_TPFinal_backend\node_modules\mongodb\lib\cursor\abstract_cursor.js:177:13
    at maybePromise (C:\_repositorios\nodeJS_TPFinal_backend\node_modules\mongodb\lib\utils.js:496:5)
    at FindCursor.next (C:\_repositorios\nodeJS_TPFinal_backend\node_modules\mongodb\lib\cursor\abstract_cursor.js:173:41)
    at Collection.findOne (C:\_repositorios\nodeJS_TPFinal_backend\node_modules\mongodb\lib\collection.js:233:76)
    at CarritosDao.getById (file:///C:/_repositorios/nodeJS_TPFinal_backend/src/model/daos/ContainerDao.js:33:47)
    at CarritosApi.getProductosDelCarrito (file:///C:/_repositorios/nodeJS_TPFinal_backend/src/api/CarritosApi.js:17:52)
    at obtenerProductosDelCarrito (file:///C:/_repositorios/nodeJS_TPFinal_backend/src/controller/CarritosController.js:24:40)
[2022-06-23T02:06:14.582] [ERROR] default - CustomError {
  estado: 500,
  descripcion: 'Error when obtaining a Document by id in the collection carritos',
  detalles: MongoInvalidArgumentError: Query filter must be a plain object or ObjectId
      at new FindOperation (C:\_repositorios\nodeJS_TPFinal_backend\node_modules\mongodb\lib\operations\find.js:19:19)
      at FindCursor._initialize (C:\_repositorios\nodeJS_TPFinal_backend\node_modules\mongodb\lib\cursor\find_cursor.js:49:31)
      at next (C:\_repositorios\nodeJS_TPFinal_backend\node_modules\mongodb\lib\cursor\abstract_cursor.js:454:16)
      at C:\_repositorios\nodeJS_TPFinal_backend\node_modules\mongodb\lib\cursor\abstract_cursor.js:177:13
      at maybePromise (C:\_repositorios\nodeJS_TPFinal_backend\node_modules\mongodb\lib\utils.js:496:5)
      at FindCursor.next (C:\_repositorios\nodeJS_TPFinal_backend\node_modules\mongodb\lib\cursor\abstract_cursor.js:173:41)
      at Collection.findOne (C:\_repositorios\nodeJS_TPFinal_backend\node_modules\mongodb\lib\collection.js:233:76)
      at CarritosDao.getById (file:///C:/_repositorios/nodeJS_TPFinal_backend/src/model/daos/ContainerDao.js:33:47)
      at CarritosApi.getProductosDelCarrito (file:///C:/_repositorios/nodeJS_TPFinal_backend/src/api/CarritosApi.js:17:52)
      at obtenerProductosDelCarrito (file:///C:/_repositorios/nodeJS_TPFinal_backend/src/controller/CarritosController.js:24:40)
}
[2022-06-23T02:09:02.926] [WARN] default - Route GET / non-existent
[2022-06-23T02:09:51.272] [ERROR] default - Falló el envio de mail del nuevo pedido - error:TypeError: this.carritosDao.getByEmail is not a function
[2022-06-23T02:19:34.328] [WARN] default - Route GET / non-existent
[2022-06-23T02:23:36.117] [WARN] default - Route GET / non-existent
[2022-06-23T02:24:08.389] [ERROR] default - CustomError {
  estado: 404,
  descripcion: 'Document not found in undefined with that {"email":"nancybarea@gmail.com"}',
  detalles: undefined
}
[2022-06-23T02:25:39.268] [WARN] default - Route GET / non-existent
[2022-06-23T02:25:54.010] [ERROR] default - CustomError {
  estado: 404,
  descripcion: 'Document not found in undefined with that {"emailUsuario":"2"}',
  detalles: undefined
}
[2022-06-23T02:27:42.707] [WARN] default - Route GET / non-existent
[2022-06-23T02:29:15.816] [WARN] default - Route GET / non-existent
[2022-06-23T02:29:17.652] [ERROR] default - Error al agregar un pedido: TypeError: pedido.productos.toArray is not a function
[2022-06-23T02:29:17.653] [ERROR] default - CustomError {
  estado: 401,
  descripcion: 'Error al agregar un pedido',
  detalles: TypeError: pedido.productos.toArray is not a function
      at PedidosApi.addPedido (file:///C:/_repositorios/nodeJS_TPFinal_backend/src/api/PedidosApi.js:48:42)
      at processTicksAndRejections (node:internal/process/task_queues:96:5)
      at async agregarPedido (file:///C:/_repositorios/nodeJS_TPFinal_backend/src/controller/PedidosController.js:38:24)
}
[2022-06-23T02:29:38.356] [WARN] default - Route GET / non-existent
[2022-06-23T02:38:25.451] [WARN] default - Route GET / non-existent
[2022-06-23T02:38:26.936] [ERROR] default - Error al agregar un pedido: ReferenceError: array is not defined
[2022-06-23T02:38:26.936] [ERROR] default - CustomError {
  estado: 401,
  descripcion: 'Error al agregar un pedido',
  detalles: ReferenceError: array is not defined
      at PedidosApi.addPedido (file:///C:/_repositorios/nodeJS_TPFinal_backend/src/api/PedidosApi.js:48:25)
      at processTicksAndRejections (node:internal/process/task_queues:96:5)
      at async agregarPedido (file:///C:/_repositorios/nodeJS_TPFinal_backend/src/controller/PedidosController.js:38:24)
}
[2022-06-23T02:42:47.782] [WARN] default - Route GET / non-existent
[2022-06-23T02:42:49.122] [ERROR] default - Falló el envio de mail del nuevo pedido - error:ReferenceError: pedidos is not defined
[2022-06-23T02:43:43.284] [WARN] default - Route GET / non-existent
[2022-06-23T02:43:44.994] [ERROR] default - Falló el envio de mail del nuevo pedido - error:TypeError: pedido.productos.toArray is not a function
[2022-06-23T02:44:17.687] [WARN] default - Route GET / non-existent
[2022-06-24T15:12:35.818] [WARN] default - Route GET / non-existent
[2022-06-24T15:16:17.802] [WARN] default - Route GET / non-existent
[2022-06-24T15:16:19.436] [ERROR] default - Falló el envio de mail del nuevo pedido - error:TypeError: pedido.fechaPedida.toDateString is not a function
[2022-06-24T15:16:42.150] [WARN] default - Route GET / non-existent
[2022-06-24T15:16:44.671] [ERROR] default - Falló el envio de mail del nuevo pedido - error:TypeError: pedido.fechaPedida.toDateString is not a function
[2022-06-24T15:21:44.019] [WARN] default - Route GET / non-existent
[2022-06-24T15:21:47.697] [ERROR] default - Error al agregar un pedido: TypeError: Date.now(...).toDateString is not a function
[2022-06-24T15:21:47.697] [ERROR] default - CustomError {
  estado: 401,
  descripcion: 'Error al agregar un pedido',
  detalles: TypeError: Date.now(...).toDateString is not a function
      at new PedidosDto (file:///C:/_repositorios/nodeJS_TPFinal_backend/src/model/dtos/PedidosDto.js:17:43)
      at PedidosApi.addPedido (file:///C:/_repositorios/nodeJS_TPFinal_backend/src/api/PedidosApi.js:45:28)
      at agregarPedido (file:///C:/_repositorios/nodeJS_TPFinal_backend/src/controller/PedidosController.js:38:38)
      at Layer.handle [as handle_request] (C:\_repositorios\nodeJS_TPFinal_backend\node_modules\express\lib\router\layer.js:95:5)
      at next (C:\_repositorios\nodeJS_TPFinal_backend\node_modules\express\lib\router\route.js:137:13)
      at requiereAutenticacion (file:///C:/_repositorios/nodeJS_TPFinal_backend/src/controller/UsuariosController.js:50:9)
      at Layer.handle [as handle_request] (C:\_repositorios\nodeJS_TPFinal_backend\node_modules\express\lib\router\layer.js:95:5)
      at next (C:\_repositorios\nodeJS_TPFinal_backend\node_modules\express\lib\router\route.js:137:13)
      at Route.dispatch (C:\_repositorios\nodeJS_TPFinal_backend\node_modules\express\lib\router\route.js:112:3)
      at Layer.handle [as handle_request] (C:\_repositorios\nodeJS_TPFinal_backend\node_modules\express\lib\router\layer.js:95:5)
}
[2022-06-24T15:24:14.602] [WARN] default - Route GET / non-existent
[2022-06-24T15:24:16.404] [ERROR] default - Error al agregar un pedido: TypeError: Date.now is not a constructor
[2022-06-24T15:24:16.406] [ERROR] default - CustomError {
  estado: 401,
  descripcion: 'Error al agregar un pedido',
  detalles: TypeError: Date.now is not a constructor
      at new PedidosDto (file:///C:/_repositorios/nodeJS_TPFinal_backend/src/model/dtos/PedidosDto.js:17:32)
      at PedidosApi.addPedido (file:///C:/_repositorios/nodeJS_TPFinal_backend/src/api/PedidosApi.js:45:28)
      at agregarPedido (file:///C:/_repositorios/nodeJS_TPFinal_backend/src/controller/PedidosController.js:38:38)
      at Layer.handle [as handle_request] (C:\_repositorios\nodeJS_TPFinal_backend\node_modules\express\lib\router\layer.js:95:5)
      at next (C:\_repositorios\nodeJS_TPFinal_backend\node_modules\express\lib\router\route.js:137:13)
      at requiereAutenticacion (file:///C:/_repositorios/nodeJS_TPFinal_backend/src/controller/UsuariosController.js:50:9)
      at Layer.handle [as handle_request] (C:\_repositorios\nodeJS_TPFinal_backend\node_modules\express\lib\router\layer.js:95:5)
      at next (C:\_repositorios\nodeJS_TPFinal_backend\node_modules\express\lib\router\route.js:137:13)
      at Route.dispatch (C:\_repositorios\nodeJS_TPFinal_backend\node_modules\express\lib\router\route.js:112:3)
      at Layer.handle [as handle_request] (C:\_repositorios\nodeJS_TPFinal_backend\node_modules\express\lib\router\layer.js:95:5)
}
[2022-06-24T15:26:21.670] [WARN] default - Route GET / non-existent
[2022-06-24T15:40:11.447] [WARN] default - Route GET / non-existent
[2022-06-24T15:41:25.579] [WARN] default - Route GET / non-existent
[2022-06-24T15:43:19.202] [WARN] default - Route GET / non-existent
[2022-06-24T15:54:42.109] [WARN] default - Route GET / non-existent
[2022-06-24T15:57:27.202] [WARN] default - Route GET / non-existent
[2022-06-24T15:58:36.583] [WARN] default - Route GET / non-existent
[2022-06-24T15:59:51.603] [WARN] default - Route GET / non-existent
[2022-06-24T16:00:59.681] [WARN] default - Route GET / non-existent
[2022-06-24T16:02:16.552] [WARN] default - Route GET / non-existent
[2022-06-24T16:02:46.222] [WARN] default - Route GET / non-existent
[2022-06-24T16:03:55.338] [WARN] default - Route GET / non-existent
[2022-06-24T17:10:27.029] [WARN] default - Route GET / non-existent
[2022-06-24T17:21:08.884] [ERROR] default - CustomError {
  estado: 404,
  descripcion: 'Document not found in undefined with that {"id":"62b61a3698737ca836c85980"}',
  detalles: undefined
}
[2022-06-24T17:26:33.601] [ERROR] default - CustomError {
  estado: 404,
  descripcion: 'Document not found in undefined with that {"id":"Z4PLU7V8PFS1SBS23PTK7Q"}',
  detalles: undefined
}
[2022-06-24T17:38:11.302] [WARN] default - Route GET / non-existent
[2022-06-24T17:41:55.727] [WARN] default - Route GET / non-existent
[2022-06-24T17:51:25.414] [WARN] default - Route GET / non-existent
[2022-06-24T17:56:56.883] [WARN] default - Route GET / non-existent
[2022-06-24T18:09:58.897] [WARN] default - Route GET / non-existent
[2022-06-24T18:10:19.361] [WARN] default - Route GET / non-existent
[2022-06-24T18:10:29.762] [ERROR] default - TypeError: carritos.getById is not a function
    at obtenerCarrito (file:///C:/_repositorios/nodeJS_TPFinal_backend/src/controller/CarritosController.js:24:45)
    at Layer.handle [as handle_request] (C:\_repositorios\nodeJS_TPFinal_backend\node_modules\express\lib\router\layer.js:95:5)
    at next (C:\_repositorios\nodeJS_TPFinal_backend\node_modules\express\lib\router\route.js:137:13)
    at requiereAutenticacion (file:///C:/_repositorios/nodeJS_TPFinal_backend/src/controller/UsuariosController.js:50:9)
    at Layer.handle [as handle_request] (C:\_repositorios\nodeJS_TPFinal_backend\node_modules\express\lib\router\layer.js:95:5)
    at next (C:\_repositorios\nodeJS_TPFinal_backend\node_modules\express\lib\router\route.js:137:13)
    at Route.dispatch (C:\_repositorios\nodeJS_TPFinal_backend\node_modules\express\lib\router\route.js:112:3)
    at Layer.handle [as handle_request] (C:\_repositorios\nodeJS_TPFinal_backend\node_modules\express\lib\router\layer.js:95:5)
    at C:\_repositorios\nodeJS_TPFinal_backend\node_modules\express\lib\router\index.js:281:22
    at param (C:\_repositorios\nodeJS_TPFinal_backend\node_modules\express\lib\router\index.js:360:14)
[2022-06-24T18:14:36.511] [WARN] default - Route GET / non-existent
[2022-06-24T18:15:08.921] [ERROR] default - CustomError {
  estado: 404,
  descripcion: 'Document not found in undefined with that {"id":"nancybarea@gmail.com"}',
  detalles: undefined
}
[2022-06-24T18:18:59.424] [WARN] default - Route GET / non-existent
[2022-06-24T18:19:06.638] [ERROR] default - CustomError {
  estado: 404,
  descripcion: 'Document not found in undefined with that {"id":"nancybarea@gmail.com"}',
  detalles: undefined
}
[2022-06-24T18:20:16.866] [WARN] default - Route GET / non-existent
[2022-06-24T18:22:17.073] [WARN] default - Route GET / non-existent
[2022-06-24T18:27:18.574] [ERROR] default - MongoInvalidArgumentError: Query filter must be a plain object or ObjectId
    at new FindOperation (C:\_repositorios\nodeJS_TPFinal_backend\node_modules\mongodb\lib\operations\find.js:19:19)
    at FindCursor._initialize (C:\_repositorios\nodeJS_TPFinal_backend\node_modules\mongodb\lib\cursor\find_cursor.js:49:31)
    at next (C:\_repositorios\nodeJS_TPFinal_backend\node_modules\mongodb\lib\cursor\abstract_cursor.js:454:16)
    at C:\_repositorios\nodeJS_TPFinal_backend\node_modules\mongodb\lib\cursor\abstract_cursor.js:177:13
    at maybePromise (C:\_repositorios\nodeJS_TPFinal_backend\node_modules\mongodb\lib\utils.js:496:5)
    at FindCursor.next (C:\_repositorios\nodeJS_TPFinal_backend\node_modules\mongodb\lib\cursor\abstract_cursor.js:173:41)
    at Collection.findOne (C:\_repositorios\nodeJS_TPFinal_backend\node_modules\mongodb\lib\collection.js:233:76)
    at CarritosDao.getById (file:///C:/_repositorios/nodeJS_TPFinal_backend/src/model/daos/ContainerDao.js:33:47)
    at CarritosDao.updatePushProductoAlCarrito (file:///C:/_repositorios/nodeJS_TPFinal_backend/src/model/daos/CarritosDao.js:27:26)
    at processTicksAndRejections (node:internal/process/task_queues:96:5)
[2022-06-26T14:06:35.934] [WARN] default - Route GET / non-existent
[2022-06-26T14:09:42.023] [WARN] default - Route DELETE / non-existent
[2022-06-26T14:51:28.177] [ERROR] default - MongoInvalidArgumentError: Query filter must be a plain object or ObjectId
    at new FindOperation (C:\_repositorios\nodeJS_TPFinal_backend\node_modules\mongodb\lib\operations\find.js:19:19)
    at FindCursor._initialize (C:\_repositorios\nodeJS_TPFinal_backend\node_modules\mongodb\lib\cursor\find_cursor.js:49:31)
    at next (C:\_repositorios\nodeJS_TPFinal_backend\node_modules\mongodb\lib\cursor\abstract_cursor.js:454:16)
    at C:\_repositorios\nodeJS_TPFinal_backend\node_modules\mongodb\lib\cursor\abstract_cursor.js:177:13
    at maybePromise (C:\_repositorios\nodeJS_TPFinal_backend\node_modules\mongodb\lib\utils.js:496:5)
    at FindCursor.next (C:\_repositorios\nodeJS_TPFinal_backend\node_modules\mongodb\lib\cursor\abstract_cursor.js:173:41)
    at Collection.findOne (C:\_repositorios\nodeJS_TPFinal_backend\node_modules\mongodb\lib\collection.js:233:76)
    at CarritosDao.getById (file:///C:/_repositorios/nodeJS_TPFinal_backend/src/model/daos/ContainerDao.js:33:47)
    at CarritosDao.updatePushProductoAlCarrito (file:///C:/_repositorios/nodeJS_TPFinal_backend/src/model/daos/CarritosDao.js:27:26)
    at runMicrotasks (<anonymous>)
[2022-06-26T14:51:28.179] [ERROR] default - CustomError {
  estado: 500,
  descripcion: 'Error adding product to cart',
  detalles: CustomError {
    estado: 500,
    descripcion: 'Error when obtaining a Document by id in the collection carritos',
    detalles: MongoInvalidArgumentError: Query filter must be a plain object or ObjectId
        at new FindOperation (C:\_repositorios\nodeJS_TPFinal_backend\node_modules\mongodb\lib\operations\find.js:19:19)
        at FindCursor._initialize (C:\_repositorios\nodeJS_TPFinal_backend\node_modules\mongodb\lib\cursor\find_cursor.js:49:31)
        at next (C:\_repositorios\nodeJS_TPFinal_backend\node_modules\mongodb\lib\cursor\abstract_cursor.js:454:16)
        at C:\_repositorios\nodeJS_TPFinal_backend\node_modules\mongodb\lib\cursor\abstract_cursor.js:177:13
        at maybePromise (C:\_repositorios\nodeJS_TPFinal_backend\node_modules\mongodb\lib\utils.js:496:5)
        at FindCursor.next (C:\_repositorios\nodeJS_TPFinal_backend\node_modules\mongodb\lib\cursor\abstract_cursor.js:173:41)
        at Collection.findOne (C:\_repositorios\nodeJS_TPFinal_backend\node_modules\mongodb\lib\collection.js:233:76)
        at CarritosDao.getById (file:///C:/_repositorios/nodeJS_TPFinal_backend/src/model/daos/ContainerDao.js:33:47)
        at CarritosDao.updatePushProductoAlCarrito (file:///C:/_repositorios/nodeJS_TPFinal_backend/src/model/daos/CarritosDao.js:27:26)
        at runMicrotasks (<anonymous>)
  }
}
[2022-06-26T14:56:26.789] [WARN] default - Route GET / non-existent
[2022-06-26T14:56:36.347] [WARN] default - Route DELETE / non-existent
[2022-06-26T15:00:25.380] [ERROR] default - Error solicitar los pedidos de un usuario: [object Object]
[2022-06-26T15:00:25.381] [ERROR] default - CustomError {
  estado: 401,
  descripcion: 'Error solicitar los pedidos de un usuario',
  detalles: CustomError {
    estado: 404,
    descripcion: 'Document not found in undefined with that {"email":"nancybarea@gmail.com"}',
    detalles: undefined
  }
}
[2022-06-26T15:12:54.512] [WARN] default - Route GET / non-existent
[2022-06-26T15:12:58.264] [ERROR] default - Error al solicitar el pedido nancybarea@gmail.com: [object Object]
[2022-06-26T15:12:58.264] [ERROR] default - CustomError {
  estado: 401,
  descripcion: 'Error al solicitar el pedido nancybarea@gmail.com',
  detalles: CustomError {
    estado: 404,
    descripcion: 'Document not found in undefined with that {"id":"nancybarea@gmail.com"}',
    detalles: undefined
  }
}
[2022-06-26T15:16:05.634] [WARN] default - Route GET / non-existent
[2022-06-26T15:16:07.253] [ERROR] default - Error al solicitar el pedido nancybarea@gmail.com: [object Object]
[2022-06-26T15:16:07.254] [ERROR] default - CustomError {
  estado: 401,
  descripcion: 'Error al solicitar el pedido nancybarea@gmail.com',
  detalles: CustomError {
    estado: 404,
    descripcion: 'Document not found in undefined with that {"id":"nancybarea@gmail.com"}',
    detalles: undefined
  }
}
[2022-06-26T15:16:26.597] [ERROR] default - Error solicitar los pedidos de un usuario: [object Object]
[2022-06-26T15:16:26.598] [ERROR] default - CustomError {
  estado: 401,
  descripcion: 'Error solicitar los pedidos de un usuario',
  detalles: CustomError {
    estado: 404,
    descripcion: 'Document not found in undefined with that {"email":"nancybarea@gmail.com"}',
    detalles: undefined
  }
}
[2022-06-26T15:16:45.385] [ERROR] default - Error solicitar los pedidos de un usuario: [object Object]
[2022-06-26T15:16:45.386] [ERROR] default - CustomError {
  estado: 401,
  descripcion: 'Error solicitar los pedidos de un usuario',
  detalles: CustomError {
    estado: 404,
    descripcion: 'Document not found in undefined with that {"email":"nancybarea@gmail.com"}',
    detalles: undefined
  }
}
[2022-06-26T15:18:35.350] [ERROR] default - Error al solicitar el pedido M44G2T9F9W2T6HFOSKWYVR: [object Object]
[2022-06-26T15:18:35.351] [ERROR] default - CustomError {
  estado: 401,
  descripcion: 'Error al solicitar el pedido M44G2T9F9W2T6HFOSKWYVR',
  detalles: CustomError {
    estado: 404,
    descripcion: 'Document not found in undefined with that {"id":"M44G2T9F9W2T6HFOSKWYVR"}',
    detalles: undefined
  }
}
[2022-06-26T15:40:40.914] [WARN] default - Route GET / non-existent
[2022-06-26T15:40:53.090] [WARN] default - Route GET / non-existent
[2022-06-26T15:47:06.582] [WARN] default - Route GET / non-existent
[2022-06-26T15:48:08.953] [WARN] default - Route GET / non-existent
[2022-06-26T15:48:23.536] [WARN] default - Route GET / non-existent
[2022-06-26T15:48:31.568] [WARN] default - Route GET / non-existent
[2022-06-26T15:48:32.656] [WARN] default - Route GET / non-existent
[2022-06-26T15:50:14.622] [WARN] default - Route GET / non-existent
[2022-06-26T15:51:43.293] [WARN] default - Route GET / non-existent
[2022-06-26T15:52:58.826] [WARN] default - Route GET / non-existent
[2022-06-26T15:55:11.102] [WARN] default - Route GET / non-existent
[2022-06-26T15:56:53.093] [WARN] default - Route GET / non-existent
[2022-06-26T15:58:05.652] [WARN] default - Route GET / non-existent
[2022-06-26T15:58:26.652] [WARN] default - Route GET / non-existent
[2022-06-26T15:59:07.799] [WARN] default - Route GET / non-existent
[2022-06-26T16:01:43.475] [WARN] default - Route GET / non-existent
[2022-06-26T16:01:49.229] [WARN] default - Route GET / non-existent
[2022-06-26T16:01:52.697] [WARN] default - Route GET / non-existent
[2022-06-26T16:01:58.407] [WARN] default - Route GET / non-existent
[2022-06-26T16:03:26.829] [WARN] default - Route GET / non-existent
[2022-06-26T16:03:43.744] [WARN] default - Route GET / non-existent
[2022-06-26T16:11:16.859] [WARN] default - Route GET / non-existent
[2022-06-26T16:13:04.135] [WARN] default - Route GET / non-existent
[2022-06-26T16:13:10.647] [ERROR] default - TypeError: carritos.getPedidos is not a function
    at getPedidos (file:///C:/_repositorios/nodeJS_TPFinal_backend/src/controller/webController.js:96:40)
    at Layer.handle [as handle_request] (C:\_repositorios\nodeJS_TPFinal_backend\node_modules\express\lib\router\layer.js:95:5)
    at next (C:\_repositorios\nodeJS_TPFinal_backend\node_modules\express\lib\router\route.js:137:13)
    at Route.dispatch (C:\_repositorios\nodeJS_TPFinal_backend\node_modules\express\lib\router\route.js:112:3)
    at Layer.handle [as handle_request] (C:\_repositorios\nodeJS_TPFinal_backend\node_modules\express\lib\router\layer.js:95:5)
    at C:\_repositorios\nodeJS_TPFinal_backend\node_modules\express\lib\router\index.js:281:22
    at Function.process_params (C:\_repositorios\nodeJS_TPFinal_backend\node_modules\express\lib\router\index.js:341:12)
    at next (C:\_repositorios\nodeJS_TPFinal_backend\node_modules\express\lib\router\index.js:275:10)
    at Function.handle (C:\_repositorios\nodeJS_TPFinal_backend\node_modules\express\lib\router\index.js:174:3)
    at router (C:\_repositorios\nodeJS_TPFinal_backend\node_modules\express\lib\router\index.js:47:12)
[2022-06-26T16:24:14.159] [WARN] default - Route GET / non-existent
[2022-06-26T16:24:44.728] [ERROR] default - TypeError: carritos.getPedidos is not a function
    at getPedidos (file:///C:/_repositorios/nodeJS_TPFinal_backend/src/controller/webController.js:96:40)
    at Layer.handle [as handle_request] (C:\_repositorios\nodeJS_TPFinal_backend\node_modules\express\lib\router\layer.js:95:5)
    at next (C:\_repositorios\nodeJS_TPFinal_backend\node_modules\express\lib\router\route.js:137:13)
    at Route.dispatch (C:\_repositorios\nodeJS_TPFinal_backend\node_modules\express\lib\router\route.js:112:3)
    at Layer.handle [as handle_request] (C:\_repositorios\nodeJS_TPFinal_backend\node_modules\express\lib\router\layer.js:95:5)
    at C:\_repositorios\nodeJS_TPFinal_backend\node_modules\express\lib\router\index.js:281:22
    at Function.process_params (C:\_repositorios\nodeJS_TPFinal_backend\node_modules\express\lib\router\index.js:341:12)
    at next (C:\_repositorios\nodeJS_TPFinal_backend\node_modules\express\lib\router\index.js:275:10)
    at Function.handle (C:\_repositorios\nodeJS_TPFinal_backend\node_modules\express\lib\router\index.js:174:3)
    at router (C:\_repositorios\nodeJS_TPFinal_backend\node_modules\express\lib\router\index.js:47:12)
[2022-06-26T16:26:48.445] [WARN] default - Route GET / non-existent
[2022-06-26T16:31:07.155] [WARN] default - Route GET / non-existent
[2022-06-26T16:31:16.047] [WARN] default - Route GET / non-existent
[2022-06-26T16:39:06.971] [WARN] default - Route GET / non-existent
[2022-06-26T16:39:18.514] [WARN] default - Route GET / non-existent
[2022-06-26T16:43:20.510] [WARN] default - Route GET / non-existent
[2022-06-26T16:44:49.107] [WARN] default - Route GET / non-existent
[2022-06-26T16:50:40.348] [WARN] default - Route GET / non-existent
[2022-06-26T16:56:47.933] [WARN] default - Route GET / non-existent
[2022-06-26T16:57:50.104] [WARN] default - Route GET / non-existent
[2022-06-26T16:58:05.132] [WARN] default - Route GET / non-existent
[2022-06-26T17:01:01.508] [WARN] default - Route GET / non-existent
[2022-06-26T17:01:32.534] [WARN] default - Route GET / non-existent
[2022-06-26T17:01:33.471] [WARN] default - Route GET / non-existent
[2022-06-26T17:02:36.181] [WARN] default - Route GET / non-existent
[2022-06-26T17:02:37.279] [WARN] default - Route GET / non-existent
[2022-06-26T17:02:45.862] [WARN] default - Route GET / non-existent
[2022-06-26T17:02:48.575] [WARN] default - Route GET / non-existent
[2022-06-26T17:02:49.759] [WARN] default - Route GET / non-existent
[2022-06-26T17:04:44.078] [WARN] default - Route GET / non-existent
[2022-06-26T17:07:49.720] [WARN] default - Route GET / non-existent
[2022-06-26T17:08:12.280] [WARN] default - Route GET / non-existent
[2022-06-26T17:09:45.809] [WARN] default - Route GET / non-existent
[2022-06-26T17:10:17.341] [WARN] default - Route GET / non-existent
[2022-06-26T17:10:18.515] [WARN] default - Route GET / non-existent
[2022-06-26T17:11:16.007] [WARN] default - Route GET / non-existent
[2022-06-26T17:11:59.012] [WARN] default - Route GET / non-existent
[2022-06-26T17:12:11.749] [WARN] default - Route GET / non-existent
[2022-06-26T17:12:18.193] [WARN] default - Route GET / non-existent
[2022-06-26T17:13:52.338] [WARN] default - Route GET / non-existent
[2022-06-26T17:14:10.305] [WARN] default - Route GET / non-existent
[2022-06-26T17:18:00.819] [WARN] default - Route GET / non-existent
[2022-06-26T17:19:30.044] [WARN] default - Route GET / non-existent
[2022-06-26T17:19:30.243] [WARN] default - Route GET / non-existent
[2022-06-26T17:22:08.725] [WARN] default - Route GET / non-existent
[2022-06-26T17:22:08.726] [WARN] default - Route GET / non-existent
[2022-06-26T17:22:10.721] [WARN] default - Route GET / non-existent
[2022-06-26T17:22:10.722] [WARN] default - Route GET / non-existent
[2022-06-26T17:23:01.099] [WARN] default - Route GET / non-existent
[2022-06-26T17:23:01.101] [WARN] default - Route GET / non-existent
[2022-06-26T17:24:22.151] [WARN] default - Route GET / non-existent
[2022-06-26T17:24:22.153] [WARN] default - Route GET / non-existent
[2022-06-26T17:24:23.287] [WARN] default - Route GET / non-existent
[2022-06-26T17:24:23.289] [WARN] default - Route GET / non-existent
[2022-06-26T17:24:24.084] [WARN] default - Route GET / non-existent
[2022-06-26T17:24:24.085] [WARN] default - Route GET / non-existent
[2022-06-26T17:25:07.667] [WARN] default - Route GET / non-existent
[2022-06-26T17:25:11.109] [WARN] default - Route GET / non-existent
[2022-06-26T17:25:18.000] [WARN] default - Route GET / non-existent
[2022-06-26T17:25:24.262] [WARN] default - Route GET / non-existent
[2022-06-26T17:25:42.172] [WARN] default - Route GET / non-existent
[2022-06-26T17:28:35.445] [WARN] default - Route GET / non-existent
[2022-06-26T17:28:36.589] [WARN] default - Route GET / non-existent
[2022-06-26T17:30:44.187] [WARN] default - Route GET / non-existent
[2022-06-26T17:31:36.022] [WARN] default - Route GET / non-existent
[2022-06-26T17:32:00.361] [WARN] default - Route GET / non-existent
